<?xml version="1.0" encoding="UTF-8"?>
<!-- Generated by org.testng.reporters.JUnitReportReporter -->
<testsuite hostname="IN-580D5S3" failures="0" tests="1" name="tests.Test_HomePageVisibility" time="0.058" errors="0" timestamp="2024-06-14T10:22:11 IST" skipped="0">
  <testcase classname="tests.Test_HomePageVisibility" name="verifyHomePageIsVisibleSuccessfully" time="0.058"/>
</testsuite> <!-- tests.Test_HomePageVisibility -->
