<?xml version="1.0" encoding="UTF-8"?>
<!-- Generated by org.testng.reporters.JUnitReportReporter -->
<testsuite hostname="IN-580D5S3" failures="0" tests="6" name="tests.TestCase19" time="8.185" errors="0" timestamp="2024-06-17T00:01:28 IST" skipped="0">
  <testcase classname="tests.TestCase19" name="verifyHomePageIsVisibleSuccessfully" time="0.084"/>
  <testcase classname="tests.TestCase19" name="searchForProduct" time="3.854"/>
  <testcase classname="tests.TestCase19" name="verifyProductDetailsIsDisplayed" time="2.613"/>
  <testcase classname="tests.TestCase19" name="addProductToCart" time="0.283"/>
  <testcase classname="tests.TestCase19" name="verifyCartPageIsVisible" time="1.317"/>
  <testcase classname="tests.TestCase19" name="verifyProductIsAddedToCart" time="0.034"/>
</testsuite> <!-- tests.TestCase19 -->
