<?xml version="1.0" encoding="UTF-8"?>
<!-- Generated by org.testng.reporters.JUnitReportReporter -->
<testsuite hostname="IN-580D5S3" failures="0" tests="1" name="tests.Test_SellerPage" time="4.576" errors="0" timestamp="2024-06-14T10:39:07 IST" skipped="0">
  <testcase classname="tests.Test_SellerPage" name="verifyThatSellerPageIsVisible" time="4.576"/>
</testsuite> <!-- tests.Test_SellerPage -->
