<?xml version="1.0" encoding="UTF-8"?>
<!-- Generated by org.testng.reporters.JUnitReportReporter -->
<testsuite hostname="IN-580D5S3" failures="0" tests="1" name="tests.TestCase4_SearchOneWayFlight" time="4.794" errors="0" timestamp="2024-06-16T21:32:54 IST" skipped="0">
  <testcase classname="tests.TestCase4_SearchOneWayFlight" name="verifySearchFlightIsVisible" time="4.794"/>
</testsuite> <!-- tests.TestCase4_SearchOneWayFlight -->
