<?xml version="1.0" encoding="UTF-8"?>
<!-- Generated by org.testng.reporters.JUnitReportReporter -->
<testsuite hostname="IN-580D5S3" failures="0" tests="1" name="tests.Test_HelpPage" time="4.665" errors="0" timestamp="2024-06-13T14:49:41 IST" skipped="0">
  <testcase classname="tests.Test_HelpPage" name="verifyHelpTopics" time="4.665"/>
</testsuite> <!-- tests.Test_HelpPage -->
