<?xml version="1.0" encoding="UTF-8"?>
<!-- Generated by org.testng.reporters.JUnitReportReporter -->
<testsuite hostname="IN-580D5S3" failures="0" tests="1" name="tests.TestCase5_SearchRoundTripFlight" time="11.464" errors="0" timestamp="2024-06-16T21:32:54 IST" skipped="0">
  <testcase classname="tests.TestCase5_SearchRoundTripFlight" name="verifySearchFlightIsVisible" time="11.464"/>
</testsuite> <!-- tests.TestCase5_SearchRoundTripFlight -->
