<?xml version="1.0" encoding="UTF-8"?>
<!-- Generated by org.testng.reporters.JUnitReportReporter -->
<testsuite hostname="IN-580D5S3" failures="0" tests="3" name="tests.TestCase13_VerifyMobilePhonePageProductDetails" time="6.268" errors="0" timestamp="2024-06-16T21:32:54 IST" skipped="0">
  <testcase classname="tests.TestCase13_VerifyMobilePhonePageProductDetails" name="verifyHomePageIsVisibleSuccessfully" time="0.132"/>
  <testcase classname="tests.TestCase13_VerifyMobilePhonePageProductDetails" name="verifyMobilePhonePageIsVisibleSuccessfully" time="2.350"/>
  <testcase classname="tests.TestCase13_VerifyMobilePhonePageProductDetails" name="verifyProductDetailsIsDisplayed" time="3.786"/>
</testsuite> <!-- tests.TestCase13_VerifyMobilePhonePageProductDetails -->
