<?xml version="1.0" encoding="UTF-8"?>
<!-- Generated by org.testng.reporters.JUnitReportReporter -->
<testsuite hostname="IN-580D5S3" failures="0" tests="1" name="tests.TestCase12_Verify_Terms_And_Condition_Page_Title" time="1.993" errors="0" timestamp="2024-06-15T16:48:10 IST" skipped="0">
  <testcase classname="tests.TestCase12_Verify_Terms_And_Condition_Page_Title" name="verifyTermsAndConditionPageTitle" time="1.993"/>
</testsuite> <!-- tests.TestCase12_Verify_Terms_And_Condition_Page_Title -->
