<?xml version="1.0" encoding="UTF-8"?>
<!-- Generated by org.testng.reporters.JUnitReportReporter -->
<testsuite hostname="IN-580D5S3" failures="0" tests="1" name="tests.Test_BookOneWayFlight" time="14.573" errors="0" timestamp="2024-06-13T00:00:24 IST" skipped="0">
  <testcase classname="tests.Test_BookOneWayFlight" name="verifyThatBookFlightRequiresLogin" time="14.573"/>
</testsuite> <!-- tests.Test_BookOneWayFlight -->
