<?xml version="1.0" encoding="UTF-8"?>
<!-- Generated by org.testng.reporters.JUnitReportReporter -->
<testsuite hostname="IN-580D5S3" failures="0" tests="1" name="tests.Test_BookRoundTripFlight" time="13.536" errors="0" timestamp="2024-06-13T12:03:36 IST" skipped="0">
  <testcase classname="tests.Test_BookRoundTripFlight" name="verifyThatBookFlightRequiresLogin" time="13.536"/>
</testsuite> <!-- tests.Test_BookRoundTripFlight -->
