<?xml version="1.0" encoding="UTF-8"?>
<!-- Generated by org.testng.reporters.JUnitReportReporter -->
<testsuite hostname="IN-580D5S3" failures="0" tests="2" name="tests.TestCase18_ProductWishlistRequiresLogin" time="4.798" errors="0" timestamp="2024-06-16T21:32:54 IST" skipped="0">
  <testcase classname="tests.TestCase18_ProductWishlistRequiresLogin" name="verifyHomePageIsVisible" time="0.022"/>
  <testcase classname="tests.TestCase18_ProductWishlistRequiresLogin" name="searchForProduct" time="4.776"/>
</testsuite> <!-- tests.TestCase18_ProductWishlistRequiresLogin -->
