<?xml version="1.0" encoding="UTF-8"?>
<!-- Generated by org.testng.reporters.JUnitReportReporter -->
<testsuite hostname="IN-580D5S3" failures="0" tests="1" name="tests.TestCase1_HomePageVisible" time="0.111" errors="0" timestamp="2024-06-17T01:26:49 IST" skipped="0">
  <testcase classname="tests.TestCase1_HomePageVisible" name="verifyHomePageIsVisibleSuccessfully" time="0.111"/>
</testsuite> <!-- tests.TestCase1_HomePageVisible -->
