<?xml version="1.0" encoding="UTF-8"?>
<!-- Generated by org.testng.reporters.JUnitReportReporter -->
<testsuite hostname="IN-580D5S3" failures="0" tests="1" name="tests.Test_SearchedProductVisibility" time="9.695" errors="0" timestamp="2024-06-13T18:27:33 IST" skipped="0">
  <testcase classname="tests.Test_SearchedProductVisibility" name="SearchProductAndVerifyThatSearhedProductIsVisible" time="9.695"/>
</testsuite> <!-- tests.Test_SearchedProductVisibility -->
