<?xml version="1.0" encoding="UTF-8"?>
<!-- Generated by org.testng.reporters.JUnitReportReporter -->
<testsuite hostname="IN-580D5S3" failures="0" tests="7" name="tests.TestCase20_PlaceOrderForAddedProductInCart" time="9.001" errors="0" timestamp="2024-06-17T00:53:53 IST" skipped="0">
  <testcase classname="tests.TestCase20_PlaceOrderForAddedProductInCart" name="verifyHomePageIsVisibleSuccessfully" time="0.077"/>
  <testcase classname="tests.TestCase20_PlaceOrderForAddedProductInCart" name="searchForProduct" time="3.620"/>
  <testcase classname="tests.TestCase20_PlaceOrderForAddedProductInCart" name="verifyProductDetailsIsDisplayed" time="2.288"/>
  <testcase classname="tests.TestCase20_PlaceOrderForAddedProductInCart" name="addProductToCart" time="0.263"/>
  <testcase classname="tests.TestCase20_PlaceOrderForAddedProductInCart" name="verifyCartPageIsVisible" time="0.707"/>
  <testcase classname="tests.TestCase20_PlaceOrderForAddedProductInCart" name="verifyProductIsAddedToCart" time="0.016"/>
  <testcase classname="tests.TestCase20_PlaceOrderForAddedProductInCart" name="placeOrder" time="2.030"/>
</testsuite> <!-- tests.TestCase20_PlaceOrderForAddedProductInCart -->
