<?xml version="1.0" encoding="UTF-8"?>
<!-- Generated by org.testng.reporters.JUnitReportReporter -->
<testsuite hostname="IN-580D5S3" failures="0" tests="1" name="tests.Test_OneWayFlightSearch" time="6.761" errors="0" timestamp="2024-06-13T11:19:02 IST" skipped="0">
  <testcase classname="tests.Test_OneWayFlightSearch" name="verifySearchFlightIsVisible" time="6.761"/>
</testsuite> <!-- tests.Test_OneWayFlightSearch -->
