<?xml version="1.0" encoding="UTF-8"?>
<!-- Generated by org.testng.reporters.JUnitReportReporter -->
<testsuite hostname="IN-580D5S3" failures="0" tests="1" name="tests.Test_SellerDashboard" time="27.957" errors="0" timestamp="2024-06-13T17:02:55 IST" skipped="0">
  <testcase classname="tests.Test_SellerDashboard" name="verifyTitleAndFieldsAreVisible" time="27.957"/>
</testsuite> <!-- tests.Test_SellerDashboard -->
