<?xml version="1.0" encoding="UTF-8"?>
<!-- Generated by org.testng.reporters.JUnitReportReporter -->
<testsuite hostname="IN-580D5S3" failures="0" tests="1" name="tests.Test_RoundTripFlightSearch" time="8.573" errors="0" timestamp="2024-06-13T12:13:54 IST" skipped="0">
  <testcase classname="tests.Test_RoundTripFlightSearch" name="verifySearchFlightIsVisible" time="8.573"/>
</testsuite> <!-- tests.Test_RoundTripFlightSearch -->
