<?xml version="1.0" encoding="UTF-8"?>
<!-- Generated by org.testng.reporters.JUnitReportReporter -->
<testsuite hostname="IN-580D5S3" failures="0" tests="4" name="tests.TestCase15_SearchGroceryItemInGroceryPage" time="5.539" errors="0" timestamp="2024-06-16T22:25:22 IST" skipped="0">
  <testcase classname="tests.TestCase15_SearchGroceryItemInGroceryPage" name="verifyHomePageIsVisibleSuccessfully" time="0.061"/>
  <testcase classname="tests.TestCase15_SearchGroceryItemInGroceryPage" name="verifyGroceryPageIsVisibleSuccessfully" time="3.657"/>
  <testcase classname="tests.TestCase15_SearchGroceryItemInGroceryPage" name="enterPincode" time="0.297"/>
  <testcase classname="tests.TestCase15_SearchGroceryItemInGroceryPage" name="searchForProduct" time="1.524"/>
</testsuite> <!-- tests.TestCase15_SearchGroceryItemInGroceryPage -->
