<?xml version="1.0" encoding="UTF-8"?>
<!-- Generated by org.testng.reporters.JUnitReportReporter -->
<testsuite hostname="IN-580D5S3" failures="0" tests="1" name="tests.Test_HomePageTitle" time="0.083" errors="0" timestamp="2024-06-14T10:33:09 IST" skipped="0">
  <testcase classname="tests.Test_HomePageTitle" name="verifyHomePageTitle" time="0.083"/>
</testsuite> <!-- tests.Test_HomePageTitle -->
