<?xml version="1.0" encoding="UTF-8"?>
<!-- Generated by org.testng.reporters.JUnitReportReporter -->
<testsuite hostname="IN-580D5S3" failures="0" tests="1" name="tests.TestCase10_VerifyRequiredFieldAndSellerDashboardTitleIsVisible" time="0.000" errors="0" timestamp="2024-06-16T20:48:07 IST" skipped="1">
  <testcase classname="tests.TestCase10_VerifyRequiredFieldAndSellerDashboardTitleIsVisible" name="verifyTitleAndFieldsAreVisible" time="0.000">
    <skipped/>
  </testcase> <!-- verifyTitleAndFieldsAreVisible -->
</testsuite> <!-- tests.TestCase10_VerifyRequiredFieldAndSellerDashboardTitleIsVisible -->
