<?xml version="1.0" encoding="UTF-8"?>
<!-- Generated by org.testng.reporters.JUnitReportReporter -->
<testsuite hostname="IN-580D5S3" failures="0" tests="7" name="tests.TestCase20_PlaceOrderForAddedProductInCart" time="9.992" errors="0" timestamp="2024-06-17T02:35:42 IST" skipped="0">
  <testcase classname="tests.TestCase20_PlaceOrderForAddedProductInCart" name="verifyHomePageIsVisibleSuccessfully" time="0.031"/>
  <testcase classname="tests.TestCase20_PlaceOrderForAddedProductInCart" name="searchForProduct" time="3.822"/>
  <testcase classname="tests.TestCase20_PlaceOrderForAddedProductInCart" name="verifyProductDetailsIsDisplayed" time="2.729"/>
  <testcase classname="tests.TestCase20_PlaceOrderForAddedProductInCart" name="addProductToCart" time="0.218"/>
  <testcase classname="tests.TestCase20_PlaceOrderForAddedProductInCart" name="verifyCartPageIsVisible" time="0.762"/>
  <testcase classname="tests.TestCase20_PlaceOrderForAddedProductInCart" name="verifyProductIsAddedToCart" time="0.032"/>
  <testcase classname="tests.TestCase20_PlaceOrderForAddedProductInCart" name="placeOrder" time="2.398"/>
</testsuite> <!-- tests.TestCase20_PlaceOrderForAddedProductInCart -->
