<?xml version="1.0" encoding="UTF-8"?>
<!-- Generated by org.testng.reporters.JUnitReportReporter -->
<testsuite hostname="IN-580D5S3" failures="0" tests="6" name="tests.TestCase19_AddProductToCart" time="7.648" errors="0" timestamp="2024-06-17T02:35:42 IST" skipped="0">
  <testcase classname="tests.TestCase19_AddProductToCart" name="verifyHomePageIsVisibleSuccessfully" time="0.045"/>
  <testcase classname="tests.TestCase19_AddProductToCart" name="searchForProduct" time="3.505"/>
  <testcase classname="tests.TestCase19_AddProductToCart" name="verifyProductDetailsIsDisplayed" time="3.109"/>
  <testcase classname="tests.TestCase19_AddProductToCart" name="addProductToCart" time="0.214"/>
  <testcase classname="tests.TestCase19_AddProductToCart" name="verifyCartPageIsVisible" time="0.730"/>
  <testcase classname="tests.TestCase19_AddProductToCart" name="verifyProductIsAddedToCart" time="0.045"/>
</testsuite> <!-- tests.TestCase19_AddProductToCart -->
